<?xml version="1.0" encoding="UTF-8"?>
<!-- Generated by org.testng.reporters.JUnitReportReporter -->
<testsuite hostname="Jaydeep" failures="0" tests="10" name="TestNg.InvocationCount" time="0.021" errors="0" timestamp="2022-07-08T17:13:24 EDT" skipped="0">
  <testcase classname="TestNg.InvocationCount" name="sum" time="0.011"/>
  <system-out/>
  <testcase classname="TestNg.InvocationCount" name="sum" time="0.002"/>
  <system-out/>
  <testcase classname="TestNg.InvocationCount" name="sum" time="0.001"/>
  <system-out/>
  <testcase classname="TestNg.InvocationCount" name="sum" time="0.001"/>
  <system-out/>
  <testcase classname="TestNg.InvocationCount" name="sum" time="0.000"/>
  <system-out/>
  <testcase classname="TestNg.InvocationCount" name="sum" time="0.001"/>
  <system-out/>
  <testcase classname="TestNg.InvocationCount" name="sum" time="0.001"/>
  <system-out/>
  <testcase classname="TestNg.InvocationCount" name="sum" time="0.001"/>
  <system-out/>
  <testcase classname="TestNg.InvocationCount" name="sum" time="0.001"/>
  <system-out/>
  <testcase classname="TestNg.InvocationCount" name="sum" time="0.002"/>
  <system-out/>
</testsuite> <!-- TestNg.InvocationCount -->
