<?xml version="1.0" encoding="UTF-8"?>
<!-- Generated by org.testng.reporters.JUnitReportReporter -->
<testsuite hostname="Jaydeep" failures="0" tests="5" name="TestNg.DependsOnMethods" time="0.017" errors="0" timestamp="2022-07-08T17:10:15 EDT" skipped="0">
  <testcase classname="TestNg.DependsOnMethods" name="testLogIn" time="0.013"/>
  <system-out/>
  <testcase classname="TestNg.DependsOnMethods" name="RegPage" time="0.001"/>
  <system-out/>
  <testcase classname="TestNg.DependsOnMethods" name="homePage" time="0.001"/>
  <system-out/>
  <testcase classname="TestNg.DependsOnMethods" name="InfoPage" time="0.001"/>
  <system-out/>
  <testcase classname="TestNg.DependsOnMethods" name="SearchPage" time="0.001"/>
  <system-out/>
</testsuite> <!-- TestNg.DependsOnMethods -->
