<?xml version="1.0" encoding="UTF-8"?>
<!-- Generated by org.testng.reporters.JUnitReportReporter -->
<testsuite hostname="Jaydeep" failures="0" tests="5" name="TestNg.DependsOnMethodsTest" time="0.015" errors="0" timestamp="2022-07-09T13:05:27 EDT" skipped="0">
  <testcase classname="TestNg.DependsOnMethodsTest" name="testLogIn" time="0.010"/>
  <system-out/>
  <testcase classname="TestNg.DependsOnMethodsTest" name="RegPage" time="0.001"/>
  <system-out/>
  <testcase classname="TestNg.DependsOnMethodsTest" name="homePage" time="0.002"/>
  <system-out/>
  <testcase classname="TestNg.DependsOnMethodsTest" name="InfoPage" time="0.001"/>
  <system-out/>
  <testcase classname="TestNg.DependsOnMethodsTest" name="SearchPage" time="0.001"/>
  <system-out/>
</testsuite> <!-- TestNg.DependsOnMethodsTest -->
