<?xml version="1.0" encoding="UTF-8"?>
<!-- Generated by org.testng.reporters.JUnitReportReporter -->
<testsuite hostname="Jaydeep" failures="0" tests="1" name="TestNg.ParameterTest" time="7.817" errors="0" timestamp="2022-07-09T22:16:20 EDT" skipped="0">
  <testcase classname="TestNg.ParameterTest" name="yahooLoginTest" time="7.817"/>
  <system-out/>
</testsuite> <!-- TestNg.ParameterTest -->
