<?xml version="1.0" encoding="UTF-8"?>
<!-- Generated by org.testng.reporters.JUnitReportReporter -->
<testsuite hostname="Jaydeep" failures="0" tests="30" name="TestNg.InvocationCountTest" time="0.041" errors="0" timestamp="2022-07-08T17:20:18 EDT" skipped="0">
  <testcase classname="TestNg.InvocationCountTest" name="sum" time="0.001"/>
  <system-out/>
  <testcase classname="TestNg.InvocationCountTest" name="sum2" time="0.000"/>
  <system-out/>
  <testcase classname="TestNg.InvocationCountTest" name="sum2" time="0.001"/>
  <system-out/>
  <testcase classname="TestNg.InvocationCountTest" name="sum" time="0.002"/>
  <system-out/>
  <testcase classname="TestNg.InvocationCountTest" name="sum" time="0.001"/>
  <system-out/>
  <testcase classname="TestNg.InvocationCountTest" name="sum2" time="0.001"/>
  <system-out/>
  <testcase classname="TestNg.InvocationCountTest" name="sum2" time="0.001"/>
  <system-out/>
  <testcase classname="TestNg.InvocationCountTest" name="sum2" time="0.000"/>
  <system-out/>
  <testcase classname="TestNg.InvocationCountTest" name="sum2" time="0.001"/>
  <system-out/>
  <testcase classname="TestNg.InvocationCountTest" name="sum2" time="0.001"/>
  <system-out/>
  <testcase classname="TestNg.InvocationCountTest" name="sum2" time="0.001"/>
  <system-out/>
  <testcase classname="TestNg.InvocationCountTest" name="sum" time="0.001"/>
  <system-out/>
  <testcase classname="TestNg.InvocationCountTest" name="sum" time="0.001"/>
  <system-out/>
  <testcase classname="TestNg.InvocationCountTest" name="sum" time="0.015"/>
  <system-out/>
  <testcase classname="TestNg.InvocationCountTest" name="sum2" time="0.000"/>
  <system-out/>
  <testcase classname="TestNg.InvocationCountTest" name="sum2" time="0.001"/>
  <system-out/>
  <testcase classname="TestNg.InvocationCountTest" name="sum2" time="0.001"/>
  <system-out/>
  <testcase classname="TestNg.InvocationCountTest" name="sum2" time="0.001"/>
  <system-out/>
  <testcase classname="TestNg.InvocationCountTest" name="sum2" time="0.001"/>
  <system-out/>
  <testcase classname="TestNg.InvocationCountTest" name="sum" time="0.003"/>
  <system-out/>
  <testcase classname="TestNg.InvocationCountTest" name="sum2" time="0.001"/>
  <system-out/>
  <testcase classname="TestNg.InvocationCountTest" name="sum2" time="0.000"/>
  <system-out/>
  <testcase classname="TestNg.InvocationCountTest" name="sum" time="0.002"/>
  <system-out/>
  <testcase classname="TestNg.InvocationCountTest" name="sum2" time="0.001"/>
  <system-out/>
  <testcase classname="TestNg.InvocationCountTest" name="sum" time="0.001"/>
  <system-out/>
  <testcase classname="TestNg.InvocationCountTest" name="sum2" time="0.001"/>
  <system-out/>
  <testcase classname="TestNg.InvocationCountTest" name="sum2" time="0.000"/>
  <system-out/>
  <testcase classname="TestNg.InvocationCountTest" name="sum2" time="0.001"/>
  <system-out/>
  <testcase classname="TestNg.InvocationCountTest" name="sum2" time="0.000"/>
  <system-out/>
  <testcase classname="TestNg.InvocationCountTest" name="sum" time="0.000"/>
  <system-out/>
</testsuite> <!-- TestNg.InvocationCountTest -->
